0 info it worked if it ends with ok
1 verbose cli [ 'C:\\Program Files\\nodejs\\node.exe',
1 verbose cli   'C:\\Program Files\\nodejs\\node_modules\\npm\\bin\\npm-cli.js',
1 verbose cli   'install',
1 verbose cli   '-g',
1 verbose cli   'coffee-script' ]
2 info using npm@2.7.4
3 info using node@v0.12.2
4 silly cache add args [ 'coffee-script', null ]
5 verbose cache add spec coffee-script
6 silly cache add parsed spec { raw: 'coffee-script',
6 silly cache add   scope: null,
6 silly cache add   name: 'coffee-script',
6 silly cache add   rawSpec: '',
6 silly cache add   spec: '*',
6 silly cache add   type: 'range' }
7 verbose addNamed coffee-script@*
8 silly addNamed semver.valid null
9 silly addNamed semver.validRange *
10 silly addNameRange { name: 'coffee-script', range: '*', hasData: false }
11 silly mapToRegistry name coffee-script
12 silly mapToRegistry using default registry
13 silly mapToRegistry registry https://registry.npmjs.org/
14 silly mapToRegistry uri https://registry.npmjs.org/coffee-script
15 verbose addNameRange registry:https://registry.npmjs.org/coffee-script not in flight; fetching
16 verbose request uri https://registry.npmjs.org/coffee-script
17 verbose request no auth needed
18 info attempt registry request try #1 at 12:40:58 PM
19 verbose request id 97f4468587b927c4
20 http request GET https://registry.npmjs.org/coffee-script
21 http 200 https://registry.npmjs.org/coffee-script
22 silly get cb [ 200,
22 silly get   { server: 'CouchDB/1.5.0 (Erlang OTP/R16B03)',
22 silly get     etag: '"9TSU3CUGECZAOKLH8H20UTSD4"',
22 silly get     'content-type': 'application/json',
22 silly get     'cache-control': 'max-age=300',
22 silly get     'content-length': '41638',
22 silly get     'accept-ranges': 'bytes',
22 silly get     date: 'Wed, 24 Feb 2016 18:40:59 GMT',
22 silly get     via: '1.1 varnish',
22 silly get     age: '45',
22 silly get     connection: 'keep-alive',
22 silly get     'x-served-by': 'cache-ord1733-ORD',
22 silly get     'x-cache': 'HIT',
22 silly get     'x-cache-hits': '1',
22 silly get     'x-timer': 'S1456339259.801091,VS0,VE0',
22 silly get     vary: 'Accept' } ]
23 verbose get saving coffee-script to \\pineapple\bweiss$\AppData\npm-cache\registry.npmjs.org\coffee-script\.cache.json
24 silly addNameRange number 2 { name: 'coffee-script', range: '*', hasData: true }
25 silly addNameRange versions [ 'coffee-script',
25 silly addNameRange   [ '0.7.0',
25 silly addNameRange     '0.7.1',
25 silly addNameRange     '0.7.2',
25 silly addNameRange     '0.9.0',
25 silly addNameRange     '0.9.1',
25 silly addNameRange     '0.9.2',
25 silly addNameRange     '0.9.3',
25 silly addNameRange     '0.9.4',
25 silly addNameRange     '0.9.5',
25 silly addNameRange     '0.9.6',
25 silly addNameRange     '1.0.0',
25 silly addNameRange     '1.0.1',
25 silly addNameRange     '1.1.0',
25 silly addNameRange     '1.1.1',
25 silly addNameRange     '1.1.2',
25 silly addNameRange     '1.1.3',
25 silly addNameRange     '1.2.0',
25 silly addNameRange     '1.3.0',
25 silly addNameRange     '1.3.1',
25 silly addNameRange     '1.3.2',
25 silly addNameRange     '1.3.3',
25 silly addNameRange     '1.4.0',
25 silly addNameRange     '1.5.0',
25 silly addNameRange     '1.6.0',
25 silly addNameRange     '1.6.1',
25 silly addNameRange     '1.6.2',
25 silly addNameRange     '1.6.3',
25 silly addNameRange     '1.7.0',
25 silly addNameRange     '1.7.1',
25 silly addNameRange     '1.8.0',
25 silly addNameRange     '1.9.0',
25 silly addNameRange     '1.9.1',
25 silly addNameRange     '1.9.2',
25 silly addNameRange     '1.9.3',
25 silly addNameRange     '1.10.0' ] ]
26 verbose addNamed coffee-script@1.10.0
27 silly addNamed semver.valid 1.10.0
28 silly addNamed semver.validRange 1.10.0
29 silly mapToRegistry name coffee-script
30 silly mapToRegistry using default registry
31 silly mapToRegistry registry https://registry.npmjs.org/
32 silly mapToRegistry uri https://registry.npmjs.org/coffee-script
33 verbose addRemoteTarball https://registry.npmjs.org/coffee-script/-/coffee-script-1.10.0.tgz not in flight; adding
34 verbose addRemoteTarball [ 'https://registry.npmjs.org/coffee-script/-/coffee-script-1.10.0.tgz',
34 verbose addRemoteTarball   '12938bcf9be1948fa006f92e0c4c9e81705108c0' ]
35 info retry fetch attempt 1 at 12:41:04 PM
36 info attempt registry request try #1 at 12:41:04 PM
37 http fetch GET https://registry.npmjs.org/coffee-script/-/coffee-script-1.10.0.tgz
38 http fetch 200 https://registry.npmjs.org/coffee-script/-/coffee-script-1.10.0.tgz
39 silly fetchAndShaCheck shasum 12938bcf9be1948fa006f92e0c4c9e81705108c0
40 verbose addTmpTarball C:\Users\bweiss\AppData\Local\Temp\npm-18580-bcd4f6b5\registry.npmjs.org\coffee-script\-\coffee-script-1.10.0.tgz not in flight; adding
41 verbose addTmpTarball already have metadata; skipping unpack for coffee-script@1.10.0
42 silly cache afterAdd coffee-script@1.10.0
43 verbose afterAdd \\pineapple\bweiss$\AppData\npm-cache\coffee-script\1.10.0\package\package.json not in flight; writing
44 verbose afterAdd \\pineapple\bweiss$\AppData\npm-cache\coffee-script\1.10.0\package\package.json written
45 silly install resolved [ { name: 'coffee-script',
45 silly install resolved     description: 'Unfancy JavaScript',
45 silly install resolved     keywords: [ 'javascript', 'language', 'coffeescript', 'compiler' ],
45 silly install resolved     author: { name: 'Jeremy Ashkenas' },
45 silly install resolved     version: '1.10.0',
45 silly install resolved     license: 'MIT',
45 silly install resolved     engines: { node: '>=0.8.0' },
45 silly install resolved     directories: { lib: './lib/coffee-script' },
45 silly install resolved     main: './lib/coffee-script/coffee-script',
45 silly install resolved     bin: { coffee: './bin/coffee', cake: './bin/cake' },
45 silly install resolved     preferGlobal: true,
45 silly install resolved     scripts:
45 silly install resolved      { test: 'node ./bin/cake test',
45 silly install resolved        'test-harmony': 'node --harmony ./bin/cake test' },
45 silly install resolved     homepage: 'http://coffeescript.org',
45 silly install resolved     bugs: { url: 'https://github.com/jashkenas/coffeescript/issues' },
45 silly install resolved     repository:
45 silly install resolved      { type: 'git',
45 silly install resolved        url: 'git://github.com/jashkenas/coffeescript.git' },
45 silly install resolved     devDependencies:
45 silly install resolved      { 'uglify-js': '~2.2',
45 silly install resolved        jison: '>=0.2.0',
45 silly install resolved        'highlight.js': '~8.0.0',
45 silly install resolved        underscore: '~1.5.2',
45 silly install resolved        docco: '~0.7.0' },
45 silly install resolved     gitHead: 'f26d33d418dcdcfcc6ad3ab774d9cabbf7af659c',
45 silly install resolved     _id: 'coffee-script@1.10.0',
45 silly install resolved     _shasum: '12938bcf9be1948fa006f92e0c4c9e81705108c0',
45 silly install resolved     _from: 'coffee-script@*',
45 silly install resolved     _npmVersion: '1.4.28',
45 silly install resolved     _npmUser: { name: 'jashkenas', email: 'jashkenas@gmail.com' },
45 silly install resolved     maintainers: [ [Object], [Object] ],
45 silly install resolved     dist:
45 silly install resolved      { shasum: '12938bcf9be1948fa006f92e0c4c9e81705108c0',
45 silly install resolved        tarball: 'http://registry.npmjs.org/coffee-script/-/coffee-script-1.10.0.tgz' },
45 silly install resolved     _resolved: 'https://registry.npmjs.org/coffee-script/-/coffee-script-1.10.0.tgz' } ]
46 info install coffee-script@1.10.0 into C:\Program Files\Git\usr\local
47 info installOne coffee-script@1.10.0
48 verbose installOne of coffee-script to C:\Program Files\Git\usr\local not in flight; installing
49 verbose lock using \\pineapple\bweiss$\AppData\npm-cache\_locks\coffee-script-4704164ec7a491f5.lock for C:\Program Files\Git\usr\local\node_modules\coffee-script
50 silly install write writing coffee-script 1.10.0 to C:\Program Files\Git\usr\local\node_modules\coffee-script
51 silly cache addNamed cb coffee-script@1.10.0
52 verbose unbuild node_modules\coffee-script
53 silly gentlyRm C:\Program Files\Git\usr\local\node_modules\coffee-script is being purged from base C:\Program Files\Git\usr\local
54 verbose gentlyRm don't care about contents; nuking C:\Program Files\Git\usr\local\node_modules\coffee-script
55 verbose tar unpack \\pineapple\bweiss$\AppData\npm-cache\coffee-script\1.10.0\package.tgz
56 verbose tar unpacking to C:\Program Files\Git\usr\local\node_modules\coffee-script
57 silly gentlyRm C:\Program Files\Git\usr\local\node_modules\coffee-script is being purged
58 verbose gentlyRm don't care about contents; nuking C:\Program Files\Git\usr\local\node_modules\coffee-script
59 silly gunzTarPerm modes [ '777', '666' ]
60 error tar.unpack error reading \\pineapple\bweiss$\AppData\npm-cache\coffee-script\1.10.0\package.tgz
61 verbose unlock done using \\pineapple\bweiss$\AppData\npm-cache\_locks\coffee-script-4704164ec7a491f5.lock for C:\Program Files\Git\usr\local\node_modules\coffee-script
62 verbose stack Error: ENOENT, open '\\pineapple\bweiss$\AppData\npm-cache\coffee-script\1.10.0\package.tgz'
62 verbose stack     at Error (native)
63 verbose cwd C:\bweiss\code\blocpicker
64 error Windows_NT 6.1.7601
65 error argv "C:\\Program Files\\nodejs\\node.exe" "C:\\Program Files\\nodejs\\node_modules\\npm\\bin\\npm-cli.js" "install" "-g" "coffee-script"
66 error node v0.12.2
67 error npm  v2.7.4
68 error path \\pineapple\bweiss$\AppData\npm-cache\coffee-script\1.10.0\package.tgz
69 error code ENOENT
70 error errno -4058
71 error enoent ENOENT, open '\\pineapple\bweiss$\AppData\npm-cache\coffee-script\1.10.0\package.tgz'
71 error enoent This is most likely not a problem with npm itself
71 error enoent and is related to npm not being able to find a file.
72 verbose exit [ -4058, true ]
73 verbose unbuild node_modules\coffee-script
74 silly gentlyRm C:\Program Files\Git\usr\local\node_modules\coffee-script is being purged from base C:\Program Files\Git\usr\local
75 verbose gentlyRm don't care about contents; nuking C:\Program Files\Git\usr\local\node_modules\coffee-script
